<?xml version="1.0" encoding="UTF-8"?>
<!-- Generated by org.testng.reporters.JUnitReportReporter -->
<testsuite hostname="LAPTOP-7N09RMVM" failures="0" tests="10" name="tests.DigitalLibraryTest" time="2.836" errors="1" timestamp="2021-07-20T12:18:35 IST" skipped="9">
  <testcase classname="tests.DigitalLibraryTest" name="setUp" time="2.836">
    <error message="session not created: This version of ChromeDriver only supports Chrome version 89
Current browser version is 91.0.4472.164 with binary path C:\Program Files\Google\Chrome\Application\chrome.exe
Build info: version: &#039;3.141.59&#039;, revision: &#039;e82be7d358&#039;, time: &#039;2018-11-14T08:25:48&#039;
System info: host: &#039;LAPTOP-7N09RMVM&#039;, ip: &#039;192.168.0.182&#039;, os.name: &#039;Windows 10&#039;, os.arch: &#039;amd64&#039;, os.version: &#039;10.0&#039;, java.version: &#039;15.0.2&#039;
Driver info: driver.version: ChromeDriver
remote stacktrace: Backtrace:
	Ordinal0 [0x00A8E7D3+124883]
	Ordinal0 [0x00A8E7B1+124849]
	GetHandleVerifier [0x00CD8688+193832]
	GetHandleVerifier [0x00CF3AC5+305509]
	GetHandleVerifier [0x00CF021B+291003]
	GetHandleVerifier [0x00CEE0AC+282444]
	GetHandleVerifier [0x00D14A90+440624]
	GetHandleVerifier [0x00D147FC+439964]
	GetHandleVerifier [0x00D1154B+426987]
	GetHandleVerifier [0x00CF4FFD+310941]
	GetHandleVerifier [0x00CF5D8E+314414]
	GetHandleVerifier [0x00CF5D19+314297]
	GetHandleVerifier [0x00DB31EC+1089676]
	GetHandleVerifier [0x00DB17C9+1082985]
	GetHandleVerifier [0x00DB13A3+1081923]
	GetHandleVerifier [0x00EAD9FD+2115741]
	Ordinal0 [0x00BDB82E+1488942]
	Ordinal0 [0x00B75A7D+1071741]
	Ordinal0 [0x00B7559B+1070491]
	Ordinal0 [0x00B754B1+1070257]
	Ordinal0 [0x00BAFF53+1310547]
	BaseThreadInitThunk [0x7687FA29+25]
	RtlGetAppContainerNamedObjectPath [0x777B7A9E+286]
	RtlGetAppContainerNamedObjectPath [0x777B7A6E+238]
" type="org.openqa.selenium.SessionNotCreatedException">
      <![CDATA[org.openqa.selenium.SessionNotCreatedException: session not created: This version of ChromeDriver only supports Chrome version 89
Current browser version is 91.0.4472.164 with binary path C:\Program Files\Google\Chrome\Application\chrome.exe
Build info: version: '3.141.59', revision: 'e82be7d358', time: '2018-11-14T08:25:48'
System info: host: 'LAPTOP-7N09RMVM', ip: '192.168.0.182', os.name: 'Windows 10', os.arch: 'amd64', os.version: '10.0', java.version: '15.0.2'
Driver info: driver.version: ChromeDriver
remote stacktrace: Backtrace:
Ordinal0 [0x00A8E7D3+124883]
Ordinal0 [0x00A8E7B1+124849]
GetHandleVerifier [0x00CD8688+193832]
GetHandleVerifier [0x00CF3AC5+305509]
GetHandleVerifier [0x00CF021B+291003]
GetHandleVerifier [0x00CEE0AC+282444]
GetHandleVerifier [0x00D14A90+440624]
GetHandleVerifier [0x00D147FC+439964]
GetHandleVerifier [0x00D1154B+426987]
GetHandleVerifier [0x00CF4FFD+310941]
GetHandleVerifier [0x00CF5D8E+314414]
GetHandleVerifier [0x00CF5D19+314297]
GetHandleVerifier [0x00DB31EC+1089676]
GetHandleVerifier [0x00DB17C9+1082985]
GetHandleVerifier [0x00DB13A3+1081923]
GetHandleVerifier [0x00EAD9FD+2115741]
Ordinal0 [0x00BDB82E+1488942]
Ordinal0 [0x00B75A7D+1071741]
Ordinal0 [0x00B7559B+1070491]
Ordinal0 [0x00B754B1+1070257]
Ordinal0 [0x00BAFF53+1310547]
BaseThreadInitThunk [0x7687FA29+25]
RtlGetAppContainerNamedObjectPath [0x777B7A9E+286]
RtlGetAppContainerNamedObjectPath [0x777B7A6E+238]

at java.base/jdk.internal.reflect.NativeConstructorAccessorImpl.newInstance0(Native Method)
at java.base/jdk.internal.reflect.NativeConstructorAccessorImpl.newInstance(NativeConstructorAccessorImpl.java:64)
at java.base/jdk.internal.reflect.DelegatingConstructorAccessorImpl.newInstance(DelegatingConstructorAccessorImpl.java:45)
at java.base/java.lang.reflect.Constructor.newInstanceWithCaller(Constructor.java:500)
at java.base/java.lang.reflect.Constructor.newInstance(Constructor.java:481)
at org.openqa.selenium.remote.W3CHandshakeResponse.lambda$errorHandler$0(W3CHandshakeResponse.java:62)
at org.openqa.selenium.remote.HandshakeResponse.lambda$getResponseFunction$0(HandshakeResponse.java:30)
at org.openqa.selenium.remote.ProtocolHandshake.lambda$createSession$0(ProtocolHandshake.java:126)
at java.base/java.util.stream.ReferencePipeline$3$1.accept(ReferencePipeline.java:195)
at java.base/java.util.Spliterators$ArraySpliterator.tryAdvance(Spliterators.java:958)
at java.base/java.util.stream.ReferencePipeline.forEachWithCancel(ReferencePipeline.java:127)
at java.base/java.util.stream.AbstractPipeline.copyIntoWithCancel(AbstractPipeline.java:502)
at java.base/java.util.stream.AbstractPipeline.copyInto(AbstractPipeline.java:488)
at java.base/java.util.stream.AbstractPipeline.wrapAndCopyInto(AbstractPipeline.java:474)
at java.base/java.util.stream.FindOps$FindOp.evaluateSequential(FindOps.java:150)
at java.base/java.util.stream.AbstractPipeline.evaluate(AbstractPipeline.java:234)
at java.base/java.util.stream.ReferencePipeline.findFirst(ReferencePipeline.java:543)
at org.openqa.selenium.remote.ProtocolHandshake.createSession(ProtocolHandshake.java:128)
at org.openqa.selenium.remote.ProtocolHandshake.createSession(ProtocolHandshake.java:74)
at org.openqa.selenium.remote.HttpCommandExecutor.execute(HttpCommandExecutor.java:136)
at org.openqa.selenium.remote.service.DriverCommandExecutor.execute(DriverCommandExecutor.java:83)
at org.openqa.selenium.remote.RemoteWebDriver.execute(RemoteWebDriver.java:552)
at org.openqa.selenium.remote.RemoteWebDriver.startSession(RemoteWebDriver.java:213)
at org.openqa.selenium.remote.RemoteWebDriver.<init>(RemoteWebDriver.java:131)
at org.openqa.selenium.chrome.ChromeDriver.<init>(ChromeDriver.java:181)
at org.openqa.selenium.chrome.ChromeDriver.<init>(ChromeDriver.java:168)
at org.openqa.selenium.chrome.ChromeDriver.<init>(ChromeDriver.java:123)
at Aulas_Base.TestBase.initilization(TestBase.java:49)
at tests.DigitalLibraryTest.setUp(DigitalLibraryTest.java:33)
at java.base/jdk.internal.reflect.NativeMethodAccessorImpl.invoke0(Native Method)
at java.base/jdk.internal.reflect.NativeMethodAccessorImpl.invoke(NativeMethodAccessorImpl.java:64)
at java.base/jdk.internal.reflect.DelegatingMethodAccessorImpl.invoke(DelegatingMethodAccessorImpl.java:43)
at java.base/java.lang.reflect.Method.invoke(Method.java:564)
at org.testng.internal.MethodInvocationHelper.invokeMethod(MethodInvocationHelper.java:132)
at org.testng.internal.MethodInvocationHelper.invokeMethodConsideringTimeout(MethodInvocationHelper.java:61)
at org.testng.internal.ConfigInvoker.invokeConfigurationMethod(ConfigInvoker.java:366)
at org.testng.internal.ConfigInvoker.invokeConfigurations(ConfigInvoker.java:320)
at org.testng.internal.TestInvoker.runConfigMethods(TestInvoker.java:701)
at org.testng.internal.TestInvoker.invokeMethod(TestInvoker.java:527)
at org.testng.internal.TestInvoker.invokeTestMethod(TestInvoker.java:174)
at org.testng.internal.MethodRunner.runInSequence(MethodRunner.java:46)
at org.testng.internal.TestInvoker$MethodInvocationAgent.invoke(TestInvoker.java:822)
at org.testng.internal.TestInvoker.invokeTestMethods(TestInvoker.java:147)
at org.testng.internal.TestMethodWorker.invokeTestMethods(TestMethodWorker.java:146)
at org.testng.internal.TestMethodWorker.run(TestMethodWorker.java:128)
at java.base/java.util.ArrayList.forEach(ArrayList.java:1511)
at org.testng.TestRunner.privateRun(TestRunner.java:764)
at org.testng.TestRunner.run(TestRunner.java:585)
at org.testng.SuiteRunner.runTest(SuiteRunner.java:384)
at org.testng.SuiteRunner.runSequentially(SuiteRunner.java:378)
at org.testng.SuiteRunner.privateRun(SuiteRunner.java:337)
at org.testng.SuiteRunner.run(SuiteRunner.java:286)
at org.testng.SuiteRunnerWorker.runSuite(SuiteRunnerWorker.java:53)
at org.testng.SuiteRunnerWorker.run(SuiteRunnerWorker.java:96)
at org.testng.TestNG.runSuitesSequentially(TestNG.java:1218)
at org.testng.TestNG.runSuitesLocally(TestNG.java:1140)
at org.testng.TestNG.runSuites(TestNG.java:1069)
at org.testng.TestNG.run(TestNG.java:1037)
at org.testng.remote.AbstractRemoteTestNG.run(AbstractRemoteTestNG.java:115)
at org.testng.remote.RemoteTestNG.initAndRun(RemoteTestNG.java:251)
at org.testng.remote.RemoteTestNG.main(RemoteTestNG.java:77)
]]>
    </error>
  </testcase> <!-- setUp -->
  <system-out/>
  <testcase classname="tests.DigitalLibraryTest" name="DigitalText" time="0.000">
    <skipped/>
  </testcase> <!-- DigitalText -->
  <system-out/>
  <testcase classname="tests.DigitalLibraryTest" name="SearchNotes" time="0.000">
    <skipped/>
  </testcase> <!-- SearchNotes -->
  <system-out/>
  <testcase classname="tests.DigitalLibraryTest" name="Add" time="0.000">
    <skipped/>
  </testcase> <!-- Add -->
  <system-out/>
  <testcase classname="tests.DigitalLibraryTest" name="manageview" time="0.000">
    <skipped/>
  </testcase> <!-- manageview -->
  <system-out/>
  <testcase classname="tests.DigitalLibraryTest" name="editManageview" time="0.000">
    <skipped/>
  </testcase> <!-- editManageview -->
  <system-out/>
  <testcase classname="tests.DigitalLibraryTest" name="AddManagemetn" time="0.000">
    <skipped/>
  </testcase> <!-- AddManagemetn -->
  <system-out/>
  <testcase classname="tests.DigitalLibraryTest" name="Video" time="0.000">
    <skipped/>
  </testcase> <!-- Video -->
  <system-out/>
  <testcase classname="tests.DigitalLibraryTest" name="videoedit" time="0.000">
    <skipped/>
  </testcase> <!-- videoedit -->
  <system-out/>
  <testcase classname="tests.DigitalLibraryTest" name="Questionbank" time="0.000">
    <skipped/>
  </testcase> <!-- Questionbank -->
  <system-out/>
</testsuite> <!-- tests.DigitalLibraryTest -->
